project/Android/unityLibrary/build/intermediates/manifest_merge_blame_file/debug/manifest-merger-blame-debug-report.txt
1<?xml version="1.0" encoding="utf-8"?>
2<manifest xmlns:android="http://schemas.android.com/apk/res/android"
3    xmlns:tools="http://schemas.android.com/tools"
4    package="com.hpplay.sdk.source.demo" >
5
6    <uses-sdk
7        android:minSdkVersion="22"
7-->src/main/AndroidManifest.xml
8        android:targetSdkVersion="34" />
8-->src/main/AndroidManifest.xml
9
10    <uses-permission android:name="android.permission.ACCESS_COARSE_LOCATION" />
10-->src/main/AndroidManifest.xml:3:3-79
10-->src/main/AndroidManifest.xml:3:20-76
11    <uses-permission android:name="android.permission.ACCESS_FINE_LOCATION" />
11-->src/main/AndroidManifest.xml:4:3-77
11-->src/main/AndroidManifest.xml:4:20-74
12    <uses-permission android:name="android.permission.INTERNET" />
12-->src/main/AndroidManifest.xml:5:3-65
12-->src/main/AndroidManifest.xml:5:20-62
13
14    <uses-feature android:glEsVersion="0x00030000" />
14-->src/main/AndroidManifest.xml:6:3-52
14-->src/main/AndroidManifest.xml:6:17-49
15    <uses-feature
15-->src/main/AndroidManifest.xml:7:3-91
16        android:name="android.hardware.vulkan.version"
16-->src/main/AndroidManifest.xml:7:17-63
17        android:required="false" />
17-->src/main/AndroidManifest.xml:7:64-88
18    <uses-feature
18-->src/main/AndroidManifest.xml:8:3-88
19        android:name="android.hardware.touchscreen"
19-->src/main/AndroidManifest.xml:8:17-60
20        android:required="false" />
20-->src/main/AndroidManifest.xml:8:61-85
21    <uses-feature
21-->src/main/AndroidManifest.xml:9:3-99
22        android:name="android.hardware.touchscreen.multitouch"
22-->src/main/AndroidManifest.xml:9:17-71
23        android:required="false" />
23-->src/main/AndroidManifest.xml:9:72-96
24    <uses-feature
24-->src/main/AndroidManifest.xml:10:3-108
25        android:name="android.hardware.touchscreen.multitouch.distinct"
25-->src/main/AndroidManifest.xml:10:17-80
26        android:required="false" />
26-->src/main/AndroidManifest.xml:10:81-105
27
28    <application android:extractNativeLibs="true" >
28-->src/main/AndroidManifest.xml:11:3-27:17
28-->src/main/AndroidManifest.xml:11:16-48
29        <service
29-->src/main/AndroidManifest.xml:12:5-95
30            android:name="com.light.core.service.ShellPerfService"
30-->src/main/AndroidManifest.xml:12:14-68
31            android:exported="true" />
31-->src/main/AndroidManifest.xml:12:69-92
32
33        <meta-data
33-->src/main/AndroidManifest.xml:13:5-69
34            android:name="unity.splash-mode"
34-->src/main/AndroidManifest.xml:13:16-48
35            android:value="0" />
35-->src/main/AndroidManifest.xml:13:49-66
36        <meta-data
36-->src/main/AndroidManifest.xml:14:5-74
37            android:name="unity.splash-enable"
37-->src/main/AndroidManifest.xml:14:16-50
38            android:value="True" />
38-->src/main/AndroidManifest.xml:14:51-71
39        <meta-data
39-->src/main/AndroidManifest.xml:15:5-78
40            android:name="unity.launch-fullscreen"
40-->src/main/AndroidManifest.xml:15:16-54
41            android:value="True" />
41-->src/main/AndroidManifest.xml:15:55-75
42        <meta-data
42-->src/main/AndroidManifest.xml:16:5-84
43            android:name="unity.render-outside-safearea"
43-->src/main/AndroidManifest.xml:16:16-60
44            android:value="True" />
44-->src/main/AndroidManifest.xml:16:61-81
45        <meta-data
45-->src/main/AndroidManifest.xml:17:5-81
46            android:name="notch.config"
46-->src/main/AndroidManifest.xml:17:16-43
47            android:value="portrait|landscape" />
47-->src/main/AndroidManifest.xml:17:44-78
48        <meta-data
48-->src/main/AndroidManifest.xml:18:5-84
49            android:name="unity.auto-report-fully-drawn"
49-->src/main/AndroidManifest.xml:18:16-60
50            android:value="true" />
50-->src/main/AndroidManifest.xml:18:61-81
51
52        <activity
52-->src/main/AndroidManifest.xml:19:5-26:16
53            android:name="com.unity3d.player.UnityPlayerActivity"
53-->src/main/AndroidManifest.xml:19:15-68
54            android:configChanges="mcc|mnc|locale|touchscreen|keyboard|keyboardHidden|navigation|orientation|screenLayout|uiMode|screenSize|smallestScreenSize|fontScale|layoutDirection|density"
54-->src/main/AndroidManifest.xml:19:204-385
55            android:exported="true"
55-->src/main/AndroidManifest.xml:19:111-134
56            android:hardwareAccelerated="false"
56-->src/main/AndroidManifest.xml:19:421-456
57            android:launchMode="singleTask"
57-->src/main/AndroidManifest.xml:19:172-203
58            android:resizeableActivity="false"
58-->src/main/AndroidManifest.xml:19:386-420
59            android:screenOrientation="fullUser"
59-->src/main/AndroidManifest.xml:19:135-171
60            android:theme="@style/UnityThemeSelector" >
60-->src/main/AndroidManifest.xml:19:69-110
61            <intent-filter>
61-->src/main/AndroidManifest.xml:20:7-23:23
62                <category android:name="android.intent.category.LAUNCHER" />
62-->src/main/AndroidManifest.xml:21:9-69
62-->src/main/AndroidManifest.xml:21:19-66
63
64                <action android:name="android.intent.action.MAIN" />
64-->src/main/AndroidManifest.xml:22:9-61
64-->src/main/AndroidManifest.xml:22:17-58
65            </intent-filter>
66
67            <meta-data
67-->src/main/AndroidManifest.xml:24:7-82
68                android:name="unityplayer.UnityActivity"
68-->src/main/AndroidManifest.xml:24:18-58
69                android:value="true" />
69-->src/main/AndroidManifest.xml:24:59-79
70            <meta-data
70-->src/main/AndroidManifest.xml:25:7-70
71                android:name="notch_support"
71-->src/main/AndroidManifest.xml:25:18-46
72                android:value="true" />
72-->src/main/AndroidManifest.xml:25:47-67
73        </activity>
74    </application>
75
76</manifest>